Validation : code_postal -> []
Validation : nb_mois -> []
Validation : niveau_plainte -> []
Validation : text_plainte -> []
Validation : telephone -> []
Validation : email -> []
{"nb_mois":"514","niveau_plainte":"1","text_plainte":"yurei wieruiweuri werpwer","code_postal":"h1s2n5","telephone":"5148339158","email":"zouzou1313@yahoo.com"} -> code_postal{"nb_mois":"514","niveau_plainte":"1","text_plainte":"yurei wieruiweuri werpwer","code_postal":"h1s2n5","telephone":"5148339158","email":"zouzou1313@yahoo.com"} -> nb_mois{"nb_mois":"514","niveau_plainte":"1","text_plainte":"yurei wieruiweuri werpwer","code_postal":"h1s2n5","telephone":"5148339158","email":"zouzou1313@yahoo.com"} -> niveau_plainte{"nb_mois":"514","niveau_plainte":"1","text_plainte":"yurei wieruiweuri werpwer","code_postal":"h1s2n5","telephone":"5148339158","email":"zouzou1313@yahoo.com"} -> text_plainte{"nb_mois":"514","niveau_plainte":"1","text_plainte":"yurei wieruiweuri werpwer","code_postal":"h1s2n5","telephone":"5148339158","email":"zouzou1313@yahoo.com"} -> telephone{"nb_mois":"514","niveau_plainte":"1","text_plainte":"yurei wieruiweuri werpwer","code_postal":"h1s2n5","telephone":"5148339158","email":"zouzou1313@yahoo.com"} -> emailValidation : code_postal -> []
Validation : nb_mois -> []
Validation : niveau_plainte -> []
Validation : text_plainte -> []
Validation : telephone -> []
Validation : email -> []
Array
(
    [nb_mois] => 514
    [niveau_plainte] => 1
    [text_plainte] => yurei wieruiweuri werpwer
    [code_postal] => h1s2n5
    [telephone] => 5148339158
    [email] => zouzou1313@yahoo.com
)
